%!Adobe-FontList 1.20
%Locale:0x40c

%BeginFont
Handler:DirectoryHandler
FontType:TrueType
FontName:AlphaClouds
FamilyName:AlphaClouds
StyleName:Regular
FullName:AlphaClouds
MenuName:AlphaClouds
StyleBits:0
WritingScript:Roman
OutlineFileName:C:\MMI\infographie\Font\Alphaclouds-EGMW.ttf
DataFormat:sfntData
hasSVG:no
VariableFontType:NonVariableFont
FileLength:135128
FileModTime:1670123072
WeightClass:400
WidthClass:5
AngleClass:0
NameArray:0,Mac,4,AlphaClouds
NameArray:0,Win,1,AlphaClouds
%EndFont

%BeginFont
Handler:DirectoryHandler
FontType:TrueType
FontName:McKloudShadow
FamilyName:McKloud Shadow
StyleName:Regular
FullName:McKloud Shadow
MenuName:McKloud Shadow
StyleBits:0
WritingScript:Roman
OutlineFileName:C:\MMI\infographie\Font\MCKLSH__.ttf
DataFormat:sfntData
hasSVG:no
VariableFontType:NonVariableFont
FileLength:122548
FileModTime:1098203684
WeightClass:400
WidthClass:5
AngleClass:0
NameArray:0,Mac,4,McKloud Shadow
NameArray:0,Win,1,McKloud Shadow
%EndFont

